<?xml version="1.0" encoding="UTF-8"?>
<testsuite name="codingchallenge8.LocationTest" tests="1" skipped="0" failures="0" errors="0" timestamp="2019-07-04T19:26:28" hostname="Nyaheh-PC" time="0.013">
  <properties/>
  <testcase name="Should test that a retail site location that has developed a megastore " classname="codingchallenge8.LocationTest" time="0.013"/>
  <system-out><![CDATA[]]></system-out>
  <system-err><![CDATA[]]></system-err>
</testsuite>
