<?xml version="1.0" encoding="UTF-8"?>
<testsuite name="codingchallenge8.LocationTest" tests="5" skipped="0" failures="0" errors="0" timestamp="2019-07-04T20:20:50" hostname="Nyaheh-PC" time="0.013">
  <properties/>
  <testcase name="Should test that a retail site location that is undeveloped " classname="codingchallenge8.LocationTest" time="0.01"/>
  <testcase name="Should test that the Go location is correctly created" classname="codingchallenge8.LocationTest" time="0.001"/>
  <testcase name="Should test that a warehouse location is correctly created" classname="codingchallenge8.LocationTest" time="0.0"/>
  <testcase name="Should test that a retail site location that develops a megastore " classname="codingchallenge8.LocationTest" time="0.001"/>
  <testcase name="Should test that a Free Parking is correctly created" classname="codingchallenge8.LocationTest" time="0.001"/>
  <system-out><![CDATA[]]></system-out>
  <system-err><![CDATA[]]></system-err>
</testsuite>
